<?xml version="1.0" encoding="UTF-8"?>
<coverage generated="1768065851208" clover="3.2.0">
  <project timestamp="1768065851208" name="All files">
    <metrics statements="103" coveredstatements="103" conditionals="20" coveredconditionals="19" methods="3" coveredmethods="3" elements="126" coveredelements="125" complexity="0" loc="103" ncloc="103" packages="2" files="2" classes="2"/>
    <package name="app">
      <metrics statements="69" coveredstatements="69" conditionals="18" coveredconditionals="17" methods="3" coveredmethods="3"/>
      <file name="gilded-rose.ts" path="/Users/farag/refactoring-session/gilded-rose/app/gilded-rose.ts">
        <metrics statements="69" coveredstatements="69" conditionals="18" coveredconditionals="17" methods="3" coveredmethods="3"/>
        <line num="1" count="2" type="cond" truecount="1" falsecount="0"/>
        <line num="2" count="2" type="stmt"/>
        <line num="3" count="2" type="stmt"/>
        <line num="4" count="2" type="stmt"/>
        <line num="5" count="2" type="stmt"/>
        <line num="6" count="2" type="cond" truecount="1" falsecount="0"/>
        <line num="7" count="11" type="stmt"/>
        <line num="8" count="11" type="stmt"/>
        <line num="9" count="11" type="stmt"/>
        <line num="10" count="11" type="stmt"/>
        <line num="11" count="2" type="stmt"/>
        <line num="12" count="1" type="stmt"/>
        <line num="13" count="2" type="cond" truecount="1" falsecount="0"/>
        <line num="14" count="2" type="stmt"/>
        <line num="15" count="2" type="stmt"/>
        <line num="16" count="2" type="cond" truecount="1" falsecount="1"/>
        <line num="17" count="3" type="stmt"/>
        <line num="18" count="3" type="stmt"/>
        <line num="19" count="2" type="stmt"/>
        <line num="20" count="2" type="cond" truecount="1" falsecount="0"/>
        <line num="21" count="33" type="cond" truecount="1" falsecount="0"/>
        <line num="22" count="281" type="stmt"/>
        <line num="23" count="281" type="stmt"/>
        <line num="24" count="281" type="cond" truecount="1" falsecount="0"/>
        <line num="25" count="186" type="stmt"/>
        <line num="26" count="281" type="cond" truecount="1" falsecount="0"/>
        <line num="27" count="124" type="stmt"/>
        <line num="28" count="281" type="cond" truecount="1" falsecount="0"/>
        <line num="29" count="157" type="stmt"/>
        <line num="30" count="157" type="stmt"/>
        <line num="31" count="157" type="cond" truecount="1" falsecount="0"/>
        <line num="32" count="60" type="stmt"/>
        <line num="33" count="60" type="stmt"/>
        <line num="34" count="60" type="stmt"/>
        <line num="35" count="60" type="stmt"/>
        <line num="36" count="60" type="stmt"/>
        <line num="37" count="60" type="stmt"/>
        <line num="38" count="60" type="stmt"/>
        <line num="39" count="60" type="stmt"/>
        <line num="40" count="60" type="stmt"/>
        <line num="41" count="60" type="stmt"/>
        <line num="42" count="60" type="stmt"/>
        <line num="43" count="157" type="stmt"/>
        <line num="44" count="157" type="stmt"/>
        <line num="45" count="281" type="cond" truecount="1" falsecount="0"/>
        <line num="46" count="219" type="stmt"/>
        <line num="47" count="219" type="stmt"/>
        <line num="48" count="281" type="cond" truecount="1" falsecount="0"/>
        <line num="49" count="200" type="cond" truecount="1" falsecount="0"/>
        <line num="50" count="171" type="cond" truecount="1" falsecount="0"/>
        <line num="51" count="108" type="stmt"/>
        <line num="52" count="108" type="cond" truecount="1" falsecount="0"/>
        <line num="53" count="77" type="stmt"/>
        <line num="54" count="77" type="stmt"/>
        <line num="55" count="108" type="stmt"/>
        <line num="56" count="171" type="cond" truecount="1" falsecount="0"/>
        <line num="57" count="63" type="stmt"/>
        <line num="58" count="63" type="stmt"/>
        <line num="59" count="200" type="cond" truecount="1" falsecount="0"/>
        <line num="60" count="29" type="stmt"/>
        <line num="61" count="29" type="stmt"/>
        <line num="62" count="29" type="stmt"/>
        <line num="63" count="29" type="stmt"/>
        <line num="64" count="200" type="stmt"/>
        <line num="65" count="281" type="stmt"/>
        <line num="66" count="33" type="stmt"/>
        <line num="67" count="33" type="stmt"/>
        <line num="68" count="33" type="stmt"/>
        <line num="69" count="2" type="stmt"/>
      </file>
    </package>
    <package name="test">
      <metrics statements="34" coveredstatements="34" conditionals="2" coveredconditionals="2" methods="0" coveredmethods="0"/>
      <file name="golden-master-text-test.ts" path="/Users/farag/refactoring-session/gilded-rose/test/golden-master-text-test.ts">
        <metrics statements="34" coveredstatements="34" conditionals="2" coveredconditionals="2" methods="0" coveredmethods="0"/>
        <line num="1" count="1" type="stmt"/>
        <line num="2" count="1" type="stmt"/>
        <line num="3" count="1" type="stmt"/>
        <line num="4" count="1" type="stmt"/>
        <line num="5" count="1" type="stmt"/>
        <line num="6" count="1" type="stmt"/>
        <line num="7" count="1" type="stmt"/>
        <line num="8" count="1" type="stmt"/>
        <line num="9" count="1" type="stmt"/>
        <line num="10" count="1" type="stmt"/>
        <line num="11" count="1" type="stmt"/>
        <line num="12" count="1" type="stmt"/>
        <line num="13" count="1" type="stmt"/>
        <line num="14" count="1" type="stmt"/>
        <line num="15" count="1" type="stmt"/>
        <line num="16" count="1" type="stmt"/>
        <line num="17" count="1" type="stmt"/>
        <line num="18" count="1" type="stmt"/>
        <line num="19" count="1" type="stmt"/>
        <line num="20" count="1" type="stmt"/>
        <line num="21" count="1" type="stmt"/>
        <line num="22" count="1" type="stmt"/>
        <line num="23" count="1" type="stmt"/>
        <line num="24" count="1" type="stmt"/>
        <line num="25" count="1" type="cond" truecount="1" falsecount="0"/>
        <line num="26" count="31" type="stmt"/>
        <line num="27" count="31" type="stmt"/>
        <line num="28" count="31" type="cond" truecount="1" falsecount="0"/>
        <line num="29" count="279" type="stmt"/>
        <line num="30" count="279" type="stmt"/>
        <line num="31" count="31" type="stmt"/>
        <line num="32" count="31" type="stmt"/>
        <line num="33" count="31" type="stmt"/>
        <line num="34" count="31" type="stmt"/>
      </file>
    </package>
  </project>
</coverage>
