{"/Users/farag/refactoring-session/gilded-rose/app/gilded-rose.ts": {"path":"/Users/farag/refactoring-session/gilded-rose/app/gilded-rose.ts","all":false,"statementMap":{"0":{"start":{"line":1,"column":0},"end":{"line":1,"column":19}},"1":{"start":{"line":2,"column":0},"end":{"line":2,"column":15}},"2":{"start":{"line":3,"column":0},"end":{"line":3,"column":17}},"3":{"start":{"line":4,"column":0},"end":{"line":4,"column":18}},"4":{"start":{"line":5,"column":0},"end":{"line":5,"column":0}},"5":{"start":{"line":6,"column":0},"end":{"line":6,"column":38}},"6":{"start":{"line":7,"column":0},"end":{"line":7,"column":21}},"7":{"start":{"line":8,"column":0},"end":{"line":8,"column":25}},"8":{"start":{"line":9,"column":0},"end":{"line":9,"column":27}},"9":{"start":{"line":10,"column":0},"end":{"line":10,"column":3}},"10":{"start":{"line":11,"column":0},"end":{"line":11,"column":1}},"11":{"start":{"line":12,"column":0},"end":{"line":12,"column":0}},"12":{"start":{"line":13,"column":0},"end":{"line":13,"column":25}},"13":{"start":{"line":14,"column":0},"end":{"line":14,"column":21}},"14":{"start":{"line":15,"column":0},"end":{"line":15,"column":0}},"15":{"start":{"line":16,"column":0},"end":{"line":16,"column":42}},"16":{"start":{"line":17,"column":0},"end":{"line":17,"column":23}},"17":{"start":{"line":18,"column":0},"end":{"line":18,"column":3}},"18":{"start":{"line":19,"column":0},"end":{"line":19,"column":0}},"19":{"start":{"line":20,"column":0},"end":{"line":20,"column":19}},"20":{"start":{"line":21,"column":0},"end":{"line":21,"column":49}},"21":{"start":{"line":22,"column":0},"end":{"line":22,"column":115}},"22":{"start":{"line":23,"column":0},"end":{"line":23,"column":40}},"23":{"start":{"line":24,"column":0},"end":{"line":24,"column":67}},"24":{"start":{"line":25,"column":0},"end":{"line":25,"column":61}},"25":{"start":{"line":26,"column":0},"end":{"line":26,"column":11}},"26":{"start":{"line":27,"column":0},"end":{"line":27,"column":9}},"27":{"start":{"line":28,"column":0},"end":{"line":28,"column":14}},"28":{"start":{"line":29,"column":0},"end":{"line":29,"column":41}},"29":{"start":{"line":30,"column":0},"end":{"line":30,"column":59}},"30":{"start":{"line":31,"column":0},"end":{"line":31,"column":82}},"31":{"start":{"line":32,"column":0},"end":{"line":32,"column":44}},"32":{"start":{"line":33,"column":0},"end":{"line":33,"column":47}},"33":{"start":{"line":34,"column":0},"end":{"line":34,"column":65}},"34":{"start":{"line":35,"column":0},"end":{"line":35,"column":15}},"35":{"start":{"line":36,"column":0},"end":{"line":36,"column":13}},"36":{"start":{"line":37,"column":0},"end":{"line":37,"column":43}},"37":{"start":{"line":38,"column":0},"end":{"line":38,"column":47}},"38":{"start":{"line":39,"column":0},"end":{"line":39,"column":65}},"39":{"start":{"line":40,"column":0},"end":{"line":40,"column":15}},"40":{"start":{"line":41,"column":0},"end":{"line":41,"column":13}},"41":{"start":{"line":42,"column":0},"end":{"line":42,"column":11}},"42":{"start":{"line":43,"column":0},"end":{"line":43,"column":9}},"43":{"start":{"line":44,"column":0},"end":{"line":44,"column":7}},"44":{"start":{"line":45,"column":0},"end":{"line":45,"column":63}},"45":{"start":{"line":46,"column":0},"end":{"line":46,"column":56}},"46":{"start":{"line":47,"column":0},"end":{"line":47,"column":7}},"47":{"start":{"line":48,"column":0},"end":{"line":48,"column":37}},"48":{"start":{"line":49,"column":0},"end":{"line":49,"column":48}},"49":{"start":{"line":50,"column":0},"end":{"line":50,"column":82}},"50":{"start":{"line":51,"column":0},"end":{"line":51,"column":44}},"51":{"start":{"line":52,"column":0},"end":{"line":52,"column":71}},"52":{"start":{"line":53,"column":0},"end":{"line":53,"column":65}},"53":{"start":{"line":54,"column":0},"end":{"line":54,"column":15}},"54":{"start":{"line":55,"column":0},"end":{"line":55,"column":13}},"55":{"start":{"line":56,"column":0},"end":{"line":56,"column":18}},"56":{"start":{"line":57,"column":0},"end":{"line":57,"column":81}},"57":{"start":{"line":58,"column":0},"end":{"line":58,"column":11}},"58":{"start":{"line":59,"column":0},"end":{"line":59,"column":16}},"59":{"start":{"line":60,"column":0},"end":{"line":60,"column":43}},"60":{"start":{"line":61,"column":0},"end":{"line":61,"column":61}},"61":{"start":{"line":62,"column":0},"end":{"line":62,"column":11}},"62":{"start":{"line":63,"column":0},"end":{"line":63,"column":9}},"63":{"start":{"line":64,"column":0},"end":{"line":64,"column":7}},"64":{"start":{"line":65,"column":0},"end":{"line":65,"column":5}},"65":{"start":{"line":66,"column":0},"end":{"line":66,"column":0}},"66":{"start":{"line":67,"column":0},"end":{"line":67,"column":22}},"67":{"start":{"line":68,"column":0},"end":{"line":68,"column":3}},"68":{"start":{"line":69,"column":0},"end":{"line":69,"column":1}}},"s":{"0":2,"1":2,"2":2,"3":2,"4":2,"5":2,"6":11,"7":11,"8":11,"9":11,"10":2,"11":1,"12":2,"13":2,"14":2,"15":2,"16":3,"17":3,"18":2,"19":2,"20":33,"21":281,"22":157,"23":88,"24":26,"25":26,"26":88,"27":281,"28":124,"29":103,"30":103,"31":77,"32":72,"33":70,"34":70,"35":72,"36":77,"37":66,"38":65,"39":65,"40":66,"41":77,"42":103,"43":124,"44":281,"45":219,"46":219,"47":281,"48":200,"49":171,"50":108,"51":38,"52":7,"53":7,"54":38,"55":171,"56":63,"57":63,"58":200,"59":29,"60":24,"61":24,"62":29,"63":200,"64":281,"65":33,"66":33,"67":33,"68":2},"branchMap":{"0":{"type":"branch","line":1,"loc":{"start":{"line":1,"column":0},"end":{"line":11,"column":1}},"locations":[{"start":{"line":1,"column":0},"end":{"line":11,"column":1}}]},"1":{"type":"branch","line":6,"loc":{"start":{"line":6,"column":2},"end":{"line":10,"column":3}},"locations":[{"start":{"line":6,"column":2},"end":{"line":10,"column":3}}]},"2":{"type":"branch","line":13,"loc":{"start":{"line":13,"column":0},"end":{"line":69,"column":1}},"locations":[{"start":{"line":13,"column":0},"end":{"line":69,"column":1}}]},"3":{"type":"branch","line":16,"loc":{"start":{"line":16,"column":2},"end":{"line":18,"column":3}},"locations":[{"start":{"line":16,"column":2},"end":{"line":18,"column":3}}]},"4":{"type":"branch","line":16,"loc":{"start":{"line":16,"column":14},"end":{"line":16,"column":42}},"locations":[{"start":{"line":16,"column":14},"end":{"line":16,"column":42}}]},"5":{"type":"branch","line":20,"loc":{"start":{"line":20,"column":2},"end":{"line":68,"column":3}},"locations":[{"start":{"line":20,"column":2},"end":{"line":68,"column":3}}]},"6":{"type":"branch","line":21,"loc":{"start":{"line":21,"column":48},"end":{"line":65,"column":5}},"locations":[{"start":{"line":21,"column":48},"end":{"line":65,"column":5}}]},"7":{"type":"branch","line":22,"loc":{"start":{"line":22,"column":43},"end":{"line":22,"column":112}},"locations":[{"start":{"line":22,"column":43},"end":{"line":22,"column":112}}]},"8":{"type":"branch","line":22,"loc":{"start":{"line":22,"column":114},"end":{"line":28,"column":13}},"locations":[{"start":{"line":22,"column":114},"end":{"line":28,"column":13}}]},"9":{"type":"branch","line":23,"loc":{"start":{"line":23,"column":39},"end":{"line":27,"column":9}},"locations":[{"start":{"line":23,"column":39},"end":{"line":27,"column":9}}]},"10":{"type":"branch","line":24,"loc":{"start":{"line":24,"column":66},"end":{"line":26,"column":11}},"locations":[{"start":{"line":24,"column":66},"end":{"line":26,"column":11}}]},"11":{"type":"branch","line":28,"loc":{"start":{"line":28,"column":7},"end":{"line":44,"column":7}},"locations":[{"start":{"line":28,"column":7},"end":{"line":44,"column":7}}]},"12":{"type":"branch","line":29,"loc":{"start":{"line":29,"column":40},"end":{"line":43,"column":9}},"locations":[{"start":{"line":29,"column":40},"end":{"line":43,"column":9}}]},"13":{"type":"branch","line":31,"loc":{"start":{"line":31,"column":81},"end":{"line":42,"column":11}},"locations":[{"start":{"line":31,"column":81},"end":{"line":42,"column":11}}]},"14":{"type":"branch","line":32,"loc":{"start":{"line":32,"column":43},"end":{"line":36,"column":13}},"locations":[{"start":{"line":32,"column":43},"end":{"line":36,"column":13}}]},"15":{"type":"branch","line":33,"loc":{"start":{"line":33,"column":46},"end":{"line":35,"column":15}},"locations":[{"start":{"line":33,"column":46},"end":{"line":35,"column":15}}]},"16":{"type":"branch","line":37,"loc":{"start":{"line":37,"column":42},"end":{"line":41,"column":13}},"locations":[{"start":{"line":37,"column":42},"end":{"line":41,"column":13}}]},"17":{"type":"branch","line":38,"loc":{"start":{"line":38,"column":46},"end":{"line":40,"column":15}},"locations":[{"start":{"line":38,"column":46},"end":{"line":40,"column":15}}]},"18":{"type":"branch","line":45,"loc":{"start":{"line":45,"column":62},"end":{"line":47,"column":7}},"locations":[{"start":{"line":45,"column":62},"end":{"line":47,"column":7}}]},"19":{"type":"branch","line":48,"loc":{"start":{"line":48,"column":36},"end":{"line":64,"column":7}},"locations":[{"start":{"line":48,"column":36},"end":{"line":64,"column":7}}]},"20":{"type":"branch","line":49,"loc":{"start":{"line":49,"column":47},"end":{"line":59,"column":15}},"locations":[{"start":{"line":49,"column":47},"end":{"line":59,"column":15}}]},"21":{"type":"branch","line":50,"loc":{"start":{"line":50,"column":81},"end":{"line":56,"column":17}},"locations":[{"start":{"line":50,"column":81},"end":{"line":56,"column":17}}]},"22":{"type":"branch","line":51,"loc":{"start":{"line":51,"column":43},"end":{"line":55,"column":13}},"locations":[{"start":{"line":51,"column":43},"end":{"line":55,"column":13}}]},"23":{"type":"branch","line":52,"loc":{"start":{"line":52,"column":70},"end":{"line":54,"column":15}},"locations":[{"start":{"line":52,"column":70},"end":{"line":54,"column":15}}]},"24":{"type":"branch","line":56,"loc":{"start":{"line":56,"column":11},"end":{"line":58,"column":11}},"locations":[{"start":{"line":56,"column":11},"end":{"line":58,"column":11}}]},"25":{"type":"branch","line":59,"loc":{"start":{"line":59,"column":9},"end":{"line":63,"column":9}},"locations":[{"start":{"line":59,"column":9},"end":{"line":63,"column":9}}]},"26":{"type":"branch","line":60,"loc":{"start":{"line":60,"column":42},"end":{"line":62,"column":11}},"locations":[{"start":{"line":60,"column":42},"end":{"line":62,"column":11}}]}},"b":{"0":[2],"1":[11],"2":[2],"3":[3],"4":[0],"5":[33],"6":[281],"7":[250],"8":[157],"9":[88],"10":[26],"11":[124],"12":[103],"13":[77],"14":[72],"15":[70],"16":[66],"17":[65],"18":[219],"19":[200],"20":[171],"21":[108],"22":[38],"23":[7],"24":[63],"25":[29],"26":[24]},"fnMap":{"0":{"name":"Item","decl":{"start":{"line":6,"column":2},"end":{"line":10,"column":3}},"loc":{"start":{"line":6,"column":2},"end":{"line":10,"column":3}},"line":6},"1":{"name":"GildedRose","decl":{"start":{"line":16,"column":2},"end":{"line":18,"column":3}},"loc":{"start":{"line":16,"column":2},"end":{"line":18,"column":3}},"line":16},"2":{"name":"Object.<anonymous>.GildedRose.updateQuality","decl":{"start":{"line":20,"column":2},"end":{"line":68,"column":3}},"loc":{"start":{"line":20,"column":2},"end":{"line":68,"column":3}},"line":20}},"f":{"0":11,"1":3,"2":33}}
,"/Users/farag/refactoring-session/gilded-rose/test/golden-master-text-test.ts": {"path":"/Users/farag/refactoring-session/gilded-rose/test/golden-master-text-test.ts","all":false,"statementMap":{"0":{"start":{"line":1,"column":0},"end":{"line":1,"column":54}},"1":{"start":{"line":2,"column":0},"end":{"line":2,"column":0}},"2":{"start":{"line":3,"column":0},"end":{"line":3,"column":22}},"3":{"start":{"line":4,"column":0},"end":{"line":4,"column":0}},"4":{"start":{"line":5,"column":0},"end":{"line":5,"column":15}},"5":{"start":{"line":6,"column":0},"end":{"line":6,"column":43}},"6":{"start":{"line":7,"column":0},"end":{"line":7,"column":33}},"7":{"start":{"line":8,"column":0},"end":{"line":8,"column":46}},"8":{"start":{"line":9,"column":0},"end":{"line":9,"column":51}},"9":{"start":{"line":10,"column":0},"end":{"line":10,"column":49}},"10":{"start":{"line":11,"column":0},"end":{"line":11,"column":64}},"11":{"start":{"line":12,"column":0},"end":{"line":12,"column":64}},"12":{"start":{"line":13,"column":0},"end":{"line":13,"column":63}},"13":{"start":{"line":14,"column":0},"end":{"line":14,"column":50}},"14":{"start":{"line":15,"column":0},"end":{"line":15,"column":40}},"15":{"start":{"line":16,"column":0},"end":{"line":16,"column":0}},"16":{"start":{"line":17,"column":0},"end":{"line":17,"column":0}},"17":{"start":{"line":18,"column":0},"end":{"line":18,"column":41}},"18":{"start":{"line":19,"column":0},"end":{"line":19,"column":0}},"19":{"start":{"line":20,"column":0},"end":{"line":20,"column":21}},"20":{"start":{"line":21,"column":0},"end":{"line":21,"column":30}},"21":{"start":{"line":22,"column":0},"end":{"line":22,"column":28}},"22":{"start":{"line":23,"column":0},"end":{"line":23,"column":3}},"23":{"start":{"line":24,"column":0},"end":{"line":24,"column":0}},"24":{"start":{"line":25,"column":0},"end":{"line":25,"column":36}},"25":{"start":{"line":26,"column":0},"end":{"line":26,"column":49}},"26":{"start":{"line":27,"column":0},"end":{"line":27,"column":39}},"27":{"start":{"line":28,"column":0},"end":{"line":28,"column":28}},"28":{"start":{"line":29,"column":0},"end":{"line":29,"column":79}},"29":{"start":{"line":30,"column":0},"end":{"line":30,"column":0}},"30":{"start":{"line":31,"column":0},"end":{"line":31,"column":5}},"31":{"start":{"line":32,"column":0},"end":{"line":32,"column":16}},"32":{"start":{"line":33,"column":0},"end":{"line":33,"column":29}},"33":{"start":{"line":34,"column":0},"end":{"line":34,"column":1}}},"s":{"0":1,"1":1,"2":1,"3":1,"4":1,"5":1,"6":1,"7":1,"8":1,"9":1,"10":1,"11":1,"12":1,"13":1,"14":1,"15":1,"16":1,"17":1,"18":1,"19":1,"20":1,"21":1,"22":1,"23":1,"24":1,"25":31,"26":31,"27":31,"28":279,"29":279,"30":31,"31":31,"32":31,"33":31},"branchMap":{"0":{"type":"branch","line":25,"loc":{"start":{"line":25,"column":35},"end":{"line":34,"column":1}},"locations":[{"start":{"line":25,"column":35},"end":{"line":34,"column":1}}]},"1":{"type":"branch","line":28,"loc":{"start":{"line":28,"column":16},"end":{"line":31,"column":3}},"locations":[{"start":{"line":28,"column":16},"end":{"line":31,"column":3}}]}},"b":{"0":[31],"1":[279]},"fnMap":{},"f":{}}
}
