TN:
SF:app/gilded-rose.ts
FN:6,Item
FN:16,GildedRose
FN:20,Object.<anonymous>.GildedRose.updateQuality
FNF:3
FNH:3
FNDA:11,Item
FNDA:3,GildedRose
FNDA:33,Object.<anonymous>.GildedRose.updateQuality
DA:1,2
DA:2,2
DA:3,2
DA:4,2
DA:5,2
DA:6,2
DA:7,11
DA:8,11
DA:9,11
DA:10,11
DA:11,2
DA:12,1
DA:13,2
DA:14,2
DA:15,2
DA:16,2
DA:17,3
DA:18,3
DA:19,2
DA:20,2
DA:21,33
DA:22,281
DA:23,157
DA:24,88
DA:25,26
DA:26,26
DA:27,88
DA:28,281
DA:29,124
DA:30,103
DA:31,103
DA:32,77
DA:33,72
DA:34,70
DA:35,70
DA:36,72
DA:37,77
DA:38,66
DA:39,65
DA:40,65
DA:41,66
DA:42,77
DA:43,103
DA:44,124
DA:45,281
DA:46,219
DA:47,219
DA:48,281
DA:49,200
DA:50,171
DA:51,108
DA:52,38
DA:53,7
DA:54,7
DA:55,38
DA:56,171
DA:57,63
DA:58,63
DA:59,200
DA:60,29
DA:61,24
DA:62,24
DA:63,29
DA:64,200
DA:65,281
DA:66,33
DA:67,33
DA:68,33
DA:69,2
LF:69
LH:69
BRDA:1,0,0,2
BRDA:6,1,0,11
BRDA:13,2,0,2
BRDA:16,3,0,3
BRDA:16,4,0,0
BRDA:20,5,0,33
BRDA:21,6,0,281
BRDA:22,7,0,250
BRDA:22,8,0,157
BRDA:23,9,0,88
BRDA:24,10,0,26
BRDA:28,11,0,124
BRDA:29,12,0,103
BRDA:31,13,0,77
BRDA:32,14,0,72
BRDA:33,15,0,70
BRDA:37,16,0,66
BRDA:38,17,0,65
BRDA:45,18,0,219
BRDA:48,19,0,200
BRDA:49,20,0,171
BRDA:50,21,0,108
BRDA:51,22,0,38
BRDA:52,23,0,7
BRDA:56,24,0,63
BRDA:59,25,0,29
BRDA:60,26,0,24
BRF:27
BRH:26
end_of_record
TN:
SF:test/golden-master-text-test.ts
FNF:0
FNH:0
DA:1,1
DA:2,1
DA:3,1
DA:4,1
DA:5,1
DA:6,1
DA:7,1
DA:8,1
DA:9,1
DA:10,1
DA:11,1
DA:12,1
DA:13,1
DA:14,1
DA:15,1
DA:16,1
DA:17,1
DA:18,1
DA:19,1
DA:20,1
DA:21,1
DA:22,1
DA:23,1
DA:24,1
DA:25,1
DA:26,31
DA:27,31
DA:28,31
DA:29,279
DA:30,279
DA:31,31
DA:32,31
DA:33,31
DA:34,31
LF:34
LH:34
BRDA:25,0,0,31
BRDA:28,1,0,279
BRF:2
BRH:2
end_of_record
