TN:
SF:app/gilded-rose.ts
FN:6,Item
FN:16,GildedRose
FN:20,Object.<anonymous>.GildedRose.updateQuality
FNF:3
FNH:3
FNDA:11,Item
FNDA:3,GildedRose
FNDA:33,Object.<anonymous>.GildedRose.updateQuality
DA:1,2
DA:2,2
DA:3,2
DA:4,2
DA:5,2
DA:6,2
DA:7,11
DA:8,11
DA:9,11
DA:10,11
DA:11,2
DA:12,1
DA:13,2
DA:14,2
DA:15,2
DA:16,2
DA:17,3
DA:18,3
DA:19,2
DA:20,2
DA:21,33
DA:22,281
DA:23,281
DA:24,281
DA:25,186
DA:26,281
DA:27,124
DA:28,281
DA:29,157
DA:30,157
DA:31,157
DA:32,60
DA:33,60
DA:34,60
DA:35,60
DA:36,60
DA:37,60
DA:38,60
DA:39,60
DA:40,60
DA:41,60
DA:42,60
DA:43,157
DA:44,157
DA:45,281
DA:46,219
DA:47,219
DA:48,281
DA:49,200
DA:50,171
DA:51,108
DA:52,108
DA:53,77
DA:54,77
DA:55,108
DA:56,171
DA:57,63
DA:58,63
DA:59,200
DA:60,29
DA:61,29
DA:62,29
DA:63,29
DA:64,200
DA:65,281
DA:66,33
DA:67,33
DA:68,33
DA:69,2
LF:69
LH:69
BRDA:1,0,0,2
BRDA:6,1,0,11
BRDA:13,2,0,2
BRDA:16,3,0,3
BRDA:16,4,0,0
BRDA:20,5,0,33
BRDA:21,6,0,281
BRDA:24,7,0,186
BRDA:26,8,0,124
BRDA:28,9,0,157
BRDA:31,10,0,60
BRDA:45,11,0,219
BRDA:48,12,0,200
BRDA:49,13,0,171
BRDA:50,14,0,108
BRDA:52,15,0,77
BRDA:56,16,0,63
BRDA:59,17,0,29
BRF:18
BRH:17
end_of_record
TN:
SF:test/golden-master-text-test.ts
FNF:0
FNH:0
DA:1,1
DA:2,1
DA:3,1
DA:4,1
DA:5,1
DA:6,1
DA:7,1
DA:8,1
DA:9,1
DA:10,1
DA:11,1
DA:12,1
DA:13,1
DA:14,1
DA:15,1
DA:16,1
DA:17,1
DA:18,1
DA:19,1
DA:20,1
DA:21,1
DA:22,1
DA:23,1
DA:24,1
DA:25,1
DA:26,31
DA:27,31
DA:28,31
DA:29,279
DA:30,279
DA:31,31
DA:32,31
DA:33,31
DA:34,31
LF:34
LH:34
BRDA:25,0,0,31
BRDA:28,1,0,279
BRF:2
BRH:2
end_of_record
